TN:
SF:C:\Users\astri\Desktop\TERCERO\ASW\dechat_en2b\src\polyfills.ts
FNF:0
FNH:0
DA:46,1
DA:74,1
LF:2
LH:2
BRF:0
BRH:0
end_of_record
TN:
SF:C:\Users\astri\Desktop\TERCERO\ASW\dechat_en2b\src\test.ts
FNF:0
FNH:0
DA:3,1
DA:4,1
DA:5,1
DA:13,1
DA:18,1
DA:20,1
LF:6
LH:6
BRF:0
BRH:0
end_of_record
TN:
SF:C:\Users\astri\Desktop\TERCERO\ASW\dechat_en2b\src\app\app.component.ts
FN:14,AppComponent
FN:17,(anonymous_4)
FNF:2
FNH:2
FNDA:1,AppComponent
FNDA:1,(anonymous_4)
DA:1,1
DA:3,1
DA:11,1
DA:12,1
DA:14,1
DA:17,1
DA:18,1
DA:20,1
LF:8
LH:8
BRF:0
BRH:0
end_of_record
TN:
SF:C:\Users\astri\Desktop\TERCERO\ASW\dechat_en2b\src\app\about\about.component.ts
FN:10,AboutComponent
FN:12,(anonymous_4)
FNF:2
FNH:2
FNDA:1,AboutComponent
FNDA:1,(anonymous_4)
DA:1,1
DA:8,1
DA:12,1
DA:15,1
LF:4
LH:4
BRF:0
BRH:0
end_of_record
TN:
SF:C:\Users\astri\Desktop\TERCERO\ASW\dechat_en2b\src\app\card\card.component.ts
FN:22,CardComponent
FN:25,(anonymous_16)
FN:66,(anonymous_23)
FN:73,(anonymous_24)
FNF:4
FNH:0
FNDA:0,CardComponent
FNDA:0,(anonymous_16)
FNDA:0,(anonymous_23)
FNDA:0,(anonymous_24)
DA:1,1
DA:2,1
DA:3,1
DA:5,1
DA:6,1
DA:14,1
DA:20,1
DA:22,0
DA:23,0
DA:25,1
DA:26,0
DA:27,0
DA:31,0
DA:35,1
DA:37,0
DA:38,0
DA:40,0
DA:41,0
DA:44,0
DA:45,0
DA:47,0
DA:53,1
DA:54,0
DA:56,0
DA:57,0
DA:59,0
DA:66,1
DA:68,0
DA:70,0
DA:73,1
DA:74,0
DA:78,1
LF:32
LH:13
BRDA:68,0,0,0
BRDA:68,0,1,0
BRF:2
BRH:0
end_of_record
TN:
SF:C:\Users\astri\Desktop\TERCERO\ASW\dechat_en2b\src\app\chat\chat.component.ts
FN:27,ChatComponent
FN:53,(anonymous_22)
FN:56,(anonymous_23)
FN:80,(anonymous_24)
FN:96,(anonymous_25)
FN:114,(anonymous_26)
FN:118,(anonymous_27)
FN:147,(anonymous_31)
FN:151,(anonymous_32)
FN:163,(anonymous_36)
FN:185,(anonymous_46)
FN:212,(anonymous_47)
FN:219,(anonymous_51)
FN:229,(anonymous_52)
FN:237,(anonymous_53)
FN:257,(anonymous_60)
FN:262,(anonymous_61)
FN:303,(anonymous_71)
FNF:18
FNH:0
FNDA:0,ChatComponent
FNDA:0,(anonymous_22)
FNDA:0,(anonymous_23)
FNDA:0,(anonymous_24)
FNDA:0,(anonymous_25)
FNDA:0,(anonymous_26)
FNDA:0,(anonymous_27)
FNDA:0,(anonymous_31)
FNDA:0,(anonymous_32)
FNDA:0,(anonymous_36)
FNDA:0,(anonymous_46)
FNDA:0,(anonymous_47)
FNDA:0,(anonymous_51)
FNDA:0,(anonymous_52)
FNDA:0,(anonymous_53)
FNDA:0,(anonymous_60)
FNDA:0,(anonymous_61)
FNDA:0,(anonymous_71)
DA:1,1
DA:2,1
DA:3,1
DA:4,1
DA:5,1
DA:6,1
DA:15,1
DA:19,0
DA:21,1
DA:22,1
DA:23,1
DA:28,0
DA:29,0
DA:30,0
DA:31,0
DA:34,1
DA:35,0
DA:36,0
DA:37,0
DA:38,0
DA:40,0
DA:42,0
DA:43,0
DA:44,0
DA:45,0
DA:46,0
DA:47,0
DA:48,0
DA:53,1
DA:54,0
DA:56,0
DA:57,0
DA:59,0
DA:61,0
DA:65,0
DA:67,0
DA:69,0
DA:72,0
DA:80,1
DA:81,0
DA:82,0
DA:84,0
DA:87,0
DA:88,0
DA:90,0
DA:91,0
DA:96,1
DA:97,0
DA:100,0
DA:105,0
DA:106,0
DA:108,0
DA:109,0
DA:114,1
DA:115,0
DA:116,0
DA:118,0
DA:119,0
DA:122,0
DA:125,0
DA:128,0
DA:130,0
DA:132,0
DA:134,0
DA:141,1
DA:142,0
DA:143,0
DA:145,0
DA:147,0
DA:148,0
DA:151,0
DA:153,0
DA:158,1
DA:159,0
DA:160,0
DA:161,0
DA:162,0
DA:163,0
DA:164,0
DA:170,1
DA:171,0
DA:172,0
DA:175,1
DA:176,0
DA:177,0
DA:180,1
DA:181,0
DA:182,0
DA:185,1
DA:186,0
DA:187,0
DA:189,0
DA:192,0
DA:197,0
DA:201,0
DA:203,0
DA:205,0
DA:207,0
DA:208,0
DA:212,1
DA:213,0
DA:216,1
DA:217,0
DA:218,0
DA:219,0
DA:221,0
DA:223,0
DA:224,0
DA:229,1
DA:230,0
DA:232,0
DA:233,0
DA:234,0
DA:237,1
DA:238,0
DA:239,0
DA:240,0
DA:241,0
DA:242,0
DA:245,1
DA:246,0
DA:249,1
DA:250,0
DA:251,0
DA:252,0
DA:254,0
DA:255,0
DA:257,0
DA:258,0
DA:259,0
DA:262,0
DA:264,0
DA:269,1
DA:270,0
DA:271,0
DA:273,0
DA:276,0
DA:281,0
DA:285,0
DA:289,1
DA:290,0
DA:291,0
DA:292,0
DA:293,0
DA:296,1
DA:297,0
DA:298,0
DA:299,0
DA:300,0
DA:303,1
DA:304,0
DA:307,1
DA:308,0
DA:309,0
DA:310,0
DA:311,0
DA:313,1
LF:157
LH:33
BRDA:58,0,0,0
BRDA:58,0,1,0
BRDA:121,1,0,0
BRDA:121,1,1,0
BRDA:152,2,0,0
BRDA:152,2,1,0
BRDA:263,3,0,0
BRDA:263,3,1,0
BRF:8
BRH:0
end_of_record
TN:
SF:C:\Users\astri\Desktop\TERCERO\ASW\dechat_en2b\src\app\chatitem\chatitem.component.ts
FN:16,ChatitemComponent
FN:22,(anonymous_16)
FN:26,(anonymous_17)
FN:39,(anonymous_21)
FN:62,(anonymous_25)
FN:63,(anonymous_26)
FNF:6
FNH:0
FNDA:0,ChatitemComponent
FNDA:0,(anonymous_16)
FNDA:0,(anonymous_17)
FNDA:0,(anonymous_21)
FNDA:0,(anonymous_25)
FNDA:0,(anonymous_26)
DA:1,1
DA:2,1
DA:3,1
DA:4,1
DA:11,1
DA:12,1
DA:13,0
DA:14,0
DA:15,0
DA:17,0
DA:18,0
DA:19,0
DA:22,1
DA:23,0
DA:26,1
DA:27,0
DA:29,0
DA:32,1
DA:33,0
DA:34,0
DA:35,0
DA:37,0
DA:39,0
DA:40,0
DA:42,0
DA:44,0
DA:45,0
DA:46,0
DA:47,0
DA:48,0
DA:49,0
DA:52,0
DA:55,0
DA:56,0
DA:62,1
DA:63,0
DA:65,0
DA:67,0
DA:68,0
DA:70,0
DA:73,0
DA:75,0
DA:77,0
DA:80,0
DA:83,0
DA:87,0
DA:91,1
LF:47
LH:11
BRDA:45,0,0,0
BRDA:45,0,1,0
BRF:2
BRH:0
end_of_record
TN:
SF:C:\Users\astri\Desktop\TERCERO\ASW\dechat_en2b\src\app\chatlist\chatlist.component.ts
FN:14,ChatlistComponent
FN:31,(anonymous_22)
FN:36,(anonymous_23)
FNF:3
FNH:0
FNDA:0,ChatlistComponent
FNDA:0,(anonymous_22)
FNDA:0,(anonymous_23)
DA:1,1
DA:2,1
DA:3,1
DA:10,1
DA:14,0
DA:18,1
DA:19,0
DA:20,0
DA:23,1
DA:24,0
DA:25,0
DA:26,0
DA:28,0
DA:29,0
DA:31,0
DA:32,0
DA:33,0
DA:36,0
DA:38,0
DA:43,1
DA:44,0
DA:45,0
DA:47,1
LF:23
LH:8
BRDA:37,0,0,0
BRDA:37,0,1,0
BRF:2
BRH:0
end_of_record
TN:
SF:C:\Users\astri\Desktop\TERCERO\ASW\dechat_en2b\src\app\dashboard\dashboard.component.ts
FN:7,(anonymous_2)
FN:8,Session
FN:21,DashboardComponent
FN:30,(anonymous_6)
FN:23,(anonymous_7)
FNF:5
FNH:1
FNDA:1,(anonymous_2)
FNDA:0,Session
FNDA:0,DashboardComponent
FNDA:0,(anonymous_6)
FNDA:0,(anonymous_7)
DA:1,1
DA:2,1
DA:5,1
DA:7,1
DA:11,1
DA:18,1
DA:19,0
DA:21,0
DA:23,1
DA:25,0
DA:30,0
DA:31,0
DA:34,1
LF:13
LH:8
BRF:0
BRH:0
end_of_record
TN:
SF:C:\Users\astri\Desktop\TERCERO\ASW\dechat_en2b\src\app\emoji-picker\emoji-picker.component.ts
FN:12,EmojiPickerComponent
FN:15,(anonymous_4)
FN:16,(anonymous_5)
FN:21,(anonymous_6)
FN:27,(anonymous_7)
FN:33,(anonymous_8)
FNF:6
FNH:0
FNDA:0,EmojiPickerComponent
FNDA:0,(anonymous_4)
FNDA:0,(anonymous_5)
FNDA:0,(anonymous_6)
FNDA:0,(anonymous_7)
FNDA:0,(anonymous_8)
DA:1,1
DA:10,1
DA:15,1
DA:16,0
DA:17,0
DA:18,0
DA:21,0
DA:23,0
DA:27,0
DA:28,0
DA:29,0
DA:30,0
DA:33,0
DA:34,0
DA:36,0
DA:38,0
DA:43,1
LF:17
LH:4
BRDA:22,0,0,0
BRDA:22,0,1,0
BRF:2
BRH:0
end_of_record
TN:
SF:C:\Users\astri\Desktop\TERCERO\ASW\dechat_en2b\src\app\login\login.component.ts
FN:15,LoginComponent
FN:26,(anonymous_22)
FN:54,(anonymous_23)
FNF:3
FNH:0
FNDA:0,LoginComponent
FNDA:0,(anonymous_22)
FNDA:0,(anonymous_23)
DA:1,1
DA:2,1
DA:4,1
DA:13,1
DA:15,0
DA:26,1
DA:29,0
DA:32,0
DA:38,0
DA:39,0
DA:42,0
DA:43,0
DA:47,0
DA:49,0
DA:54,1
DA:55,0
DA:57,1
LF:17
LH:7
BRDA:43,0,0,0
BRDA:43,0,1,0
BRF:2
BRH:0
end_of_record
TN:
SF:C:\Users\astri\Desktop\TERCERO\ASW\dechat_en2b\src\app\login-popup\login-popup.component.ts
FN:11,LoginPopupComponent
FN:13,(anonymous_4)
FN:17,(anonymous_5)
FNF:3
FNH:1
FNDA:1,LoginPopupComponent
FNDA:0,(anonymous_4)
FNDA:0,(anonymous_5)
DA:1,1
DA:9,1
DA:11,1
DA:13,1
DA:14,0
DA:17,1
DA:18,0
DA:19,0
DA:20,0
DA:21,0
DA:25,1
LF:11
LH:6
BRF:0
BRH:0
end_of_record
TN:
SF:C:\Users\astri\Desktop\TERCERO\ASW\dechat_en2b\src\app\nav\nav.component.ts
FN:13,NavComponent
FN:18,(anonymous_16)
FN:27,(anonymous_20)
FN:34,(anonymous_21)
FNF:4
FNH:3
FNDA:1,NavComponent
FNDA:1,(anonymous_16)
FNDA:0,(anonymous_20)
FNDA:2,(anonymous_21)
DA:1,1
DA:2,1
DA:3,1
DA:4,1
DA:10,1
DA:11,1
DA:14,1
DA:15,1
DA:16,1
DA:18,1
DA:19,1
DA:22,1
DA:23,1
DA:24,0
DA:27,1
DA:28,0
DA:29,0
DA:30,0
DA:31,0
DA:34,1
DA:35,2
DA:39,1
LF:22
LH:17
BRDA:24,0,0,0
BRDA:24,0,1,0
BRDA:35,1,0,2
BRDA:35,1,1,0
BRF:4
BRH:1
end_of_record
TN:
SF:C:\Users\astri\Desktop\TERCERO\ASW\dechat_en2b\src\app\register\register.component.ts
FN:12,RegisterComponent
FN:14,(anonymous_4)
FN:16,(anonymous_5)
FNF:3
FNH:0
FNDA:0,RegisterComponent
FNDA:0,(anonymous_4)
FNDA:0,(anonymous_5)
DA:1,1
DA:2,1
DA:9,1
DA:12,0
DA:14,1
DA:15,0
DA:16,0
DA:19,1
LF:8
LH:5
BRF:0
BRH:0
end_of_record
TN:
SF:C:\Users\astri\Desktop\TERCERO\ASW\dechat_en2b\src\app\services\auth.guard.service.ts
FN:18,AuthGuard
FN:20,(anonymous_4)
FNF:2
FNH:0
FNDA:0,AuthGuard
FNDA:0,(anonymous_4)
DA:1,1
DA:2,1
DA:11,1
DA:17,1
DA:18,0
DA:20,1
DA:24,0
DA:27,0
DA:30,0
DA:40,1
LF:10
LH:6
BRDA:24,0,0,0
BRDA:24,0,1,0
BRF:2
BRH:0
end_of_record
TN:
SF:C:\Users\astri\Desktop\TERCERO\ASW\dechat_en2b\src\app\services\change-chat.service.ts
FN:4,ChangeChatService
FNF:1
FNH:0
FNDA:0,ChangeChatService
DA:1,1
DA:2,1
DA:7,1
DA:9,0
DA:10,1
LF:5
LH:4
BRF:0
BRH:0
end_of_record
TN:
SF:C:\Users\astri\Desktop\TERCERO\ASW\dechat_en2b\src\app\services\file-manager.service.ts
FN:11,FileManagerService
FN:15,(anonymous_19)
FN:24,(anonymous_23)
FN:29,(anonymous_27)
FN:33,(anonymous_28)
FN:42,(anonymous_32)
FN:47,(anonymous_36)
FN:74,(anonymous_40)
FN:84,(anonymous_44)
FN:97,(anonymous_48)
FN:103,(anonymous_52)
FN:106,(anonymous_53)
FN:121,(anonymous_60)
FN:126,(anonymous_61)
FN:129,(anonymous_62)
FN:136,(anonymous_66)
FN:139,(anonymous_70)
FN:142,(anonymous_71)
FN:164,(anonymous_75)
FN:173,(anonymous_79)
FN:183,(anonymous_83)
FN:189,(anonymous_87)
FN:197,(anonymous_91)
FN:203,(anonymous_95)
FN:225,(anonymous_105)
FN:227,(anonymous_106)
FN:229,(anonymous_107)
FN:237,(anonymous_108)
FN:242,(anonymous_112)
FN:244,(anonymous_113)
FN:254,(anonymous_122)
FN:256,(anonymous_123)
FN:258,(anonymous_124)
FNF:33
FNH:1
FNDA:1,FileManagerService
FNDA:0,(anonymous_19)
FNDA:0,(anonymous_23)
FNDA:0,(anonymous_27)
FNDA:0,(anonymous_28)
FNDA:0,(anonymous_32)
FNDA:0,(anonymous_36)
FNDA:0,(anonymous_40)
FNDA:0,(anonymous_44)
FNDA:0,(anonymous_48)
FNDA:0,(anonymous_52)
FNDA:0,(anonymous_53)
FNDA:0,(anonymous_60)
FNDA:0,(anonymous_61)
FNDA:0,(anonymous_62)
FNDA:0,(anonymous_66)
FNDA:0,(anonymous_70)
FNDA:0,(anonymous_71)
FNDA:0,(anonymous_75)
FNDA:0,(anonymous_79)
FNDA:0,(anonymous_83)
FNDA:0,(anonymous_87)
FNDA:0,(anonymous_91)
FNDA:0,(anonymous_95)
FNDA:0,(anonymous_105)
FNDA:0,(anonymous_106)
FNDA:0,(anonymous_107)
FNDA:0,(anonymous_108)
FNDA:0,(anonymous_112)
FNDA:0,(anonymous_113)
FNDA:0,(anonymous_122)
FNDA:0,(anonymous_123)
FNDA:0,(anonymous_124)
DA:1,1
DA:2,1
DA:4,1
DA:10,1
DA:11,1
DA:14,1
DA:15,1
DA:16,0
DA:17,0
DA:18,0
DA:22,1
DA:23,0
DA:24,0
DA:25,0
DA:28,0
DA:29,0
DA:30,0
DA:31,0
DA:32,0
DA:33,0
DA:35,0
DA:40,1
DA:41,0
DA:42,0
DA:44,0
DA:45,0
DA:46,0
DA:48,0
DA:51,0
DA:56,1
DA:57,0
DA:58,0
DA:73,0
DA:75,0
DA:79,1
DA:80,0
DA:81,0
DA:83,0
DA:85,0
DA:89,1
DA:90,0
DA:91,0
DA:96,0
DA:100,1
DA:101,0
DA:102,0
DA:104,0
DA:108,0
DA:110,0
DA:116,1
DA:117,0
DA:120,1
DA:121,0
DA:122,0
DA:125,0
DA:127,0
DA:130,0
DA:135,1
DA:136,0
DA:138,0
DA:139,0
DA:140,0
DA:141,0
DA:142,0
DA:144,0
DA:149,1
DA:150,0
DA:151,0
DA:156,0
DA:158,0
DA:163,0
DA:165,0
DA:169,1
DA:170,0
DA:172,0
DA:174,0
DA:180,1
DA:181,0
DA:183,0
DA:184,0
DA:188,1
DA:189,0
DA:190,0
DA:194,1
DA:195,0
DA:197,0
DA:198,0
DA:202,1
DA:203,0
DA:204,0
DA:205,0
DA:206,0
DA:208,0
DA:209,0
DA:214,1
DA:215,0
DA:218,1
DA:219,0
DA:222,1
DA:224,0
DA:225,0
DA:226,0
DA:227,0
DA:229,0
DA:231,0
DA:233,0
DA:236,0
DA:237,0
DA:241,1
DA:242,0
DA:243,0
DA:244,0
DA:247,1
DA:248,0
DA:249,0
DA:250,0
DA:251,0
DA:252,0
DA:253,0
DA:254,0
DA:255,0
DA:256,0
DA:258,0
DA:261,1
LF:124
LH:28
BRF:0
BRH:0
end_of_record
TN:
SF:C:\Users\astri\Desktop\TERCERO\ASW\dechat_en2b\src\app\services\rdf.service.ts
FN:54,RdfService
FN:236,(anonymous_19)
FN:246,(anonymous_20)
FN:250,(anonymous_21)
FN:261,(anonymous_22)
FN:417,(anonymous_26)
FN:432,(anonymous_27)
FN:448,(anonymous_28)
FN:459,(anonymous_29)
FN:103,(anonymous_45)
FN:144,(anonymous_49)
FN:187,(anonymous_53)
FN:207,(anonymous_57)
FN:301,(anonymous_61)
FN:323,(anonymous_62)
FN:354,(anonymous_63)
FN:376,(anonymous_64)
FN:398,(anonymous_65)
FN:542,(anonymous_66)
FN:551,(anonymous_67)
FN:560,(anonymous_68)
FN:577,(anonymous_69)
FN:586,(anonymous_70)
FN:604,(anonymous_71)
FN:613,(anonymous_72)
FN:635,(anonymous_73)
FN:704,(anonymous_83)
FN:808,(anonymous_102)
FN:820,(anonymous_103)
FN:867,(anonymous_116)
FN:896,(anonymous_123)
FN:915,(anonymous_124)
FN:922,(anonymous_125)
FN:936,(anonymous_129)
FNF:34
FNH:1
FNDA:1,RdfService
FNDA:0,(anonymous_19)
FNDA:0,(anonymous_20)
FNDA:0,(anonymous_21)
FNDA:0,(anonymous_22)
FNDA:0,(anonymous_26)
FNDA:0,(anonymous_27)
FNDA:0,(anonymous_28)
FNDA:0,(anonymous_29)
FNDA:0,(anonymous_45)
FNDA:0,(anonymous_49)
FNDA:0,(anonymous_53)
FNDA:0,(anonymous_57)
FNDA:0,(anonymous_61)
FNDA:0,(anonymous_62)
FNDA:0,(anonymous_63)
FNDA:0,(anonymous_64)
FNDA:0,(anonymous_65)
FNDA:0,(anonymous_66)
FNDA:0,(anonymous_67)
FNDA:0,(anonymous_68)
FNDA:0,(anonymous_69)
FNDA:0,(anonymous_70)
FNDA:0,(anonymous_71)
FNDA:0,(anonymous_72)
FNDA:0,(anonymous_73)
FNDA:0,(anonymous_83)
FNDA:0,(anonymous_102)
FNDA:0,(anonymous_103)
FNDA:0,(anonymous_116)
FNDA:0,(anonymous_123)
FNDA:0,(anonymous_124)
FNDA:0,(anonymous_125)
FNDA:0,(anonymous_129)
DA:1,1
DA:5,1
DA:13,1
DA:14,1
DA:15,1
DA:16,1
DA:17,1
DA:18,1
DA:19,1
DA:20,1
DA:21,1
DA:22,1
DA:23,1
DA:24,1
DA:33,1
DA:35,1
DA:44,1
DA:52,1
DA:54,1
DA:55,1
DA:56,1
DA:57,1
DA:58,1
DA:61,1
DA:62,0
DA:63,0
DA:65,0
DA:66,0
DA:68,0
DA:69,0
DA:70,0
DA:71,0
DA:74,0
DA:75,0
DA:76,0
DA:77,0
DA:80,0
DA:81,0
DA:82,0
DA:83,0
DA:84,0
DA:87,0
DA:88,0
DA:89,0
DA:92,0
DA:94,0
DA:95,0
DA:96,0
DA:99,0
DA:100,0
DA:101,0
DA:103,0
DA:105,0
DA:110,1
DA:111,0
DA:112,0
DA:114,0
DA:115,0
DA:116,0
DA:119,0
DA:120,0
DA:121,0
DA:122,0
DA:123,0
DA:124,0
DA:127,0
DA:128,0
DA:129,0
DA:132,0
DA:133,0
DA:134,0
DA:135,0
DA:138,0
DA:139,0
DA:140,0
DA:141,0
DA:142,0
DA:144,0
DA:146,0
DA:151,1
DA:152,0
DA:153,0
DA:154,0
DA:156,0
DA:157,0
DA:158,0
DA:161,0
DA:162,0
DA:163,0
DA:164,0
DA:165,0
DA:166,0
DA:169,0
DA:170,0
DA:171,0
DA:172,0
DA:175,0
DA:176,0
DA:177,0
DA:178,0
DA:181,0
DA:182,0
DA:183,0
DA:184,0
DA:185,0
DA:187,0
DA:189,0
DA:194,1
DA:195,0
DA:196,0
DA:198,0
DA:199,0
DA:201,0
DA:202,0
DA:203,0
DA:204,0
DA:205,0
DA:207,0
DA:209,0
DA:214,1
DA:215,0
DA:221,1
DA:222,2
DA:236,1
DA:237,0
DA:246,1
DA:247,0
DA:250,1
DA:251,0
DA:252,0
DA:253,0
DA:254,0
DA:261,0
DA:262,0
DA:263,0
DA:264,0
DA:266,0
DA:267,0
DA:271,0
DA:275,0
DA:276,0
DA:283,0
DA:290,0
DA:295,0
DA:301,1
DA:303,0
DA:306,0
DA:309,0
DA:312,0
DA:316,0
DA:317,0
DA:320,0
DA:323,1
DA:329,0
DA:331,0
DA:333,0
DA:335,0
DA:337,0
DA:339,0
DA:341,0
DA:342,0
DA:345,0
DA:354,1
DA:358,0
DA:363,0
DA:364,0
DA:366,0
DA:367,0
DA:369,0
DA:370,0
DA:373,0
DA:376,1
DA:380,0
DA:385,0
DA:386,0
DA:388,0
DA:389,0
DA:391,0
DA:392,0
DA:395,0
DA:398,1
DA:401,0
DA:404,0
DA:406,0
DA:410,1
DA:411,0
DA:412,0
DA:413,0
DA:417,0
DA:419,0
DA:423,0
DA:424,0
DA:426,0
DA:432,1
DA:433,0
DA:436,0
DA:444,0
DA:448,1
DA:449,0
DA:452,0
DA:455,0
DA:459,1
DA:460,0
DA:463,0
DA:467,1
DA:468,0
DA:469,2
DA:473,0
DA:475,0
DA:485,0
DA:490,1
DA:491,0
DA:492,0
DA:495,0
DA:496,0
DA:497,0
DA:499,0
DA:501,0
DA:502,0
DA:503,0
DA:505,0
DA:506,0
DA:507,0
DA:508,0
DA:509,0
DA:510,0
DA:511,0
DA:513,0
DA:515,0
DA:518,0
DA:522,0
DA:524,0
DA:527,0
DA:532,0
DA:542,1
DA:543,0
DA:545,0
DA:547,0
DA:551,1
DA:552,0
DA:553,0
DA:554,0
DA:556,0
DA:557,0
DA:558,0
DA:560,0
DA:562,0
DA:564,0
DA:565,0
DA:566,0
DA:569,0
DA:570,0
DA:571,0
DA:577,1
DA:578,0
DA:579,0
DA:580,0
DA:582,0
DA:583,0
DA:584,0
DA:586,0
DA:588,0
DA:590,0
DA:591,0
DA:592,0
DA:594,0
DA:595,0
DA:596,0
DA:604,1
DA:605,0
DA:606,0
DA:607,0
DA:609,0
DA:610,0
DA:611,0
DA:613,0
DA:615,0
DA:617,0
DA:618,0
DA:619,0
DA:621,0
DA:622,0
DA:625,0
DA:628,0
DA:635,1
DA:636,0
DA:637,0
DA:638,0
DA:640,0
DA:641,0
DA:645,0
DA:646,0
DA:652,0
DA:653,0
DA:657,0
DA:662,0
DA:664,0
DA:666,0
DA:668,0
DA:669,0
DA:670,0
DA:671,0
DA:677,0
DA:681,1
DA:682,0
DA:683,0
DA:687,0
DA:688,0
DA:689,0
DA:691,0
DA:692,0
DA:693,0
DA:695,0
DA:696,0
DA:697,0
DA:699,0
DA:700,0
DA:701,0
DA:702,0
DA:703,0
DA:704,0
DA:705,0
DA:706,0
DA:707,0
DA:708,0
DA:709,0
DA:710,0
DA:711,0
DA:712,0
DA:713,0
DA:714,0
DA:716,0
DA:719,0
DA:720,0
DA:721,0
DA:722,0
DA:731,0
DA:735,1
DA:737,0
DA:738,0
DA:739,0
DA:741,0
DA:742,0
DA:743,0
DA:745,0
DA:746,0
DA:747,0
DA:749,0
DA:751,0
DA:754,0
DA:755,0
DA:758,0
DA:760,0
DA:762,0
DA:766,0
DA:770,1
DA:771,0
DA:772,0
DA:773,0
DA:774,0
DA:775,0
DA:778,0
DA:779,0
DA:780,0
DA:782,0
DA:783,0
DA:784,0
DA:785,0
DA:787,0
DA:788,0
DA:789,0
DA:791,0
DA:793,0
DA:794,0
DA:796,0
DA:798,0
DA:801,0
DA:808,1
DA:809,0
DA:810,0
DA:812,0
DA:813,0
DA:815,0
DA:816,0
DA:817,0
DA:818,0
DA:820,0
DA:822,0
DA:827,1
DA:828,0
DA:831,0
DA:832,0
DA:836,1
DA:837,0
DA:838,0
DA:839,0
DA:840,0
DA:842,0
DA:843,0
DA:844,0
DA:846,0
DA:847,0
DA:848,0
DA:849,0
DA:850,0
DA:852,0
DA:857,0
DA:863,1
DA:864,0
DA:865,0
DA:867,0
DA:868,0
DA:869,0
DA:870,0
DA:871,0
DA:874,0
DA:875,0
DA:876,0
DA:882,1
DA:883,0
DA:884,0
DA:885,0
DA:886,0
DA:887,0
DA:891,0
DA:892,0
DA:893,0
DA:896,0
DA:898,0
DA:902,0
DA:903,0
DA:906,0
DA:907,0
DA:908,0
DA:910,0
DA:911,0
DA:912,0
DA:915,0
DA:917,0
DA:922,1
DA:923,0
DA:924,0
DA:925,0
DA:927,0
DA:929,0
DA:930,0
DA:931,0
DA:933,0
DA:934,0
DA:935,0
DA:936,0
DA:938,0
DA:939,0
DA:940,0
DA:941,0
DA:942,0
DA:947,0
DA:951,0
DA:954,0
DA:958,0
DA:962,1
LF:461
LH:60
BRDA:254,0,0,0
BRDA:254,0,1,0
BRDA:270,1,0,0
BRDA:270,1,1,0
BRDA:270,1,2,0
BRDA:270,1,3,0
BRDA:274,2,0,0
BRDA:274,2,1,0
BRDA:274,2,2,0
BRDA:278,3,0,0
BRDA:278,3,1,0
BRDA:278,3,2,0
BRDA:285,4,0,0
BRDA:285,4,1,0
BRDA:285,4,2,0
BRDA:416,5,0,0
BRDA:416,5,1,0
BRDA:512,6,0,0
BRDA:512,6,1,0
BRDA:309,7,0,0
BRDA:309,7,1,0
BRDA:316,8,0,0
BRDA:316,8,1,0
BRDA:328,9,0,0
BRDA:328,9,1,0
BRDA:328,9,2,0
BRDA:362,10,0,0
BRDA:362,10,1,0
BRDA:362,10,2,0
BRDA:379,11,0,0
BRDA:379,11,1,0
BRDA:384,12,0,0
BRDA:384,12,1,0
BRDA:384,12,2,0
BRDA:400,13,0,0
BRDA:400,13,1,0
BRDA:400,13,2,0
BRDA:400,13,3,0
BRDA:543,14,0,0
BRDA:543,14,1,0
BRDA:748,15,0,0
BRDA:748,15,1,0
BRDA:795,16,0,0
BRDA:795,16,1,0
BRDA:946,17,0,0
BRDA:946,17,1,0
BRF:46
BRH:0
end_of_record
TN:
SF:C:\Users\astri\Desktop\TERCERO\ASW\dechat_en2b\src\app\services\solid.auth.service.ts
FN:30,AuthService
FN:76,(anonymous_25)
FN:82,(anonymous_26)
FN:103,(anonymous_30)
FNF:4
FNH:1
FNDA:1,AuthService
FNDA:0,(anonymous_25)
FNDA:0,(anonymous_26)
FNDA:0,(anonymous_30)
DA:1,1
DA:2,1
DA:3,1
DA:4,1
DA:20,1
DA:22,1
DA:30,1
DA:31,1
DA:37,1
DA:38,1
DA:46,1
DA:48,0
DA:50,0
DA:53,0
DA:55,0
DA:64,1
DA:66,0
DA:68,0
DA:70,0
DA:72,0
DA:76,1
DA:78,0
DA:82,1
DA:83,0
DA:91,1
DA:92,0
DA:103,1
DA:123,0
DA:125,1
LF:29
LH:17
BRF:0
BRH:0
end_of_record
TN:
SF:C:\Users\astri\Desktop\TERCERO\ASW\dechat_en2b\src\app\useritem\useritem.component.ts
FN:16,UseritemComponent
FN:18,(anonymous_4)
FN:21,(anonymous_5)
FNF:3
FNH:0
FNDA:0,UseritemComponent
FNDA:0,(anonymous_4)
FNDA:0,(anonymous_5)
DA:1,1
DA:2,1
DA:3,1
DA:14,1
DA:15,1
DA:16,0
DA:18,1
DA:21,1
DA:24,1
LF:9
LH:8
BRF:0
BRH:0
end_of_record
TN:
SF:C:\Users\astri\Desktop\TERCERO\ASW\dechat_en2b\src\app\userlist\userlist.component.ts
FN:19,UserlistComponent
FNF:1
FNH:0
FNDA:0,UserlistComponent
DA:1,1
DA:3,1
DA:4,1
DA:15,1
DA:16,1
DA:19,0
DA:23,1
DA:24,0
DA:27,1
DA:28,0
DA:29,0
DA:31,1
LF:12
LH:8
BRF:0
BRH:0
end_of_record
